<?xml version="1.0" encoding="UTF-8"?>
<!-- Generated by org.testng.reporters.JUnitReportReporter -->
<testsuite hostname="Andrii-ПК" name="com.softserveinc.softtour.util.TestTrainParserUtil" tests="2" failures="0" timestamp="31 Oct 2014 09:54:59 GMT" time="0.091" errors="0">
  <testcase name="testCreateUrl" time="0.044" classname="com.softserveinc.softtour.util.TestTrainParserUtil"/>
  <testcase name="testTranslateCity" time="0.047" classname="com.softserveinc.softtour.util.TestTrainParserUtil"/>
</testsuite> <!-- com.softserveinc.softtour.util.TestTrainParserUtil -->
