<?xml version="1.0" encoding="UTF-8"?>
<!-- Generated by org.testng.reporters.JUnitReportReporter -->
<testsuite hostname="Andrii-ПК" name="com.softserveinc.softtour.service.TestUserServiceImpl" tests="6" failures="0" timestamp="31 Oct 2014 09:55:31 GMT" time="3.202" errors="0">
  <testcase name="testFindByEmail" time="0.010" classname="com.softserveinc.softtour.service.TestUserServiceImpl"/>
  <testcase name="testUpdate" time="0.061" classname="com.softserveinc.softtour.service.TestUserServiceImpl"/>
  <testcase name="testFindByNameOrEmail" time="0.378" classname="com.softserveinc.softtour.service.TestUserServiceImpl"/>
  <testcase name="testDelete" time="0.108" classname="com.softserveinc.softtour.service.TestUserServiceImpl"/>
  <testcase name="testSave" time="2.633" classname="com.softserveinc.softtour.service.TestUserServiceImpl"/>
  <testcase name="testFindById" time="0.012" classname="com.softserveinc.softtour.service.TestUserServiceImpl"/>
</testsuite> <!-- com.softserveinc.softtour.service.TestUserServiceImpl -->
