<?xml version="1.0" encoding="UTF-8"?>
<!-- Generated by org.testng.reporters.JUnitReportReporter -->
<testsuite hostname="Andrii-ПК" name="com.softserveinc.softtour.service.TestFavoriteServiceImpl" tests="5" failures="0" timestamp="31 Oct 2014 23:43:19 GMT" time="0.518" errors="0">
  <testcase name="testDelete" time="0.188" classname="com.softserveinc.softtour.service.TestFavoriteServiceImpl"/>
  <testcase name="testSave" time="0.076" classname="com.softserveinc.softtour.service.TestFavoriteServiceImpl"/>
  <testcase name="testFindById" time="0.020" classname="com.softserveinc.softtour.service.TestFavoriteServiceImpl"/>
  <testcase name="testFindByUser" time="0.123" classname="com.softserveinc.softtour.service.TestFavoriteServiceImpl"/>
  <testcase name="testFindByUserAndTour" time="0.111" classname="com.softserveinc.softtour.service.TestFavoriteServiceImpl"/>
</testsuite> <!-- com.softserveinc.softtour.service.TestFavoriteServiceImpl -->
