<?xml version="1.0" encoding="UTF-8"?>
<!-- Generated by org.testng.reporters.JUnitReportReporter -->
<testsuite hostname="Andrii-ПК" name="com.softserveinc.softtour.parser.TestTrainParser" tests="1" failures="0" timestamp="1 Nov 2014 13:52:56 GMT" time="0.114" errors="0">
  <testcase name="testParseRoutes" time="0.114" classname="com.softserveinc.softtour.parser.TestTrainParser"/>
</testsuite> <!-- com.softserveinc.softtour.parser.TestTrainParser -->
