<?xml version="1.0" encoding="UTF-8"?>
<!-- Generated by org.testng.reporters.JUnitReportReporter -->
<testsuite hostname="Andrii-ПК" name="com.softserveinc.softtour.util.HotelUtilTest" tests="1" failures="0" timestamp="28 Oct 2014 17:02:41 GMT" time="0.013" errors="0">
  <testcase name="updateHotelRateTest" time="0.013" classname="com.softserveinc.softtour.util.HotelUtilTest"/>
</testsuite> <!-- com.softserveinc.softtour.util.HotelUtilTest -->
