<?xml version="1.0" encoding="UTF-8"?>
<!-- Generated by org.testng.reporters.JUnitReportReporter -->
<testsuite hostname="Andrii-ПК" name="com.softserveinc.softtour.service.TestUserServiceImpl" tests="6" failures="0" timestamp="29 Oct 2014 20:49:01 GMT" time="0.698" errors="0">
  <testcase name="testDelete" time="0.038" classname="com.softserveinc.softtour.service.TestUserServiceImpl"/>
  <testcase name="testSave" time="0.385" classname="com.softserveinc.softtour.service.TestUserServiceImpl"/>
  <testcase name="testFindByNameOrEmail" time="0.164" classname="com.softserveinc.softtour.service.TestUserServiceImpl"/>
  <testcase name="testFindByEmail" time="0.008" classname="com.softserveinc.softtour.service.TestUserServiceImpl"/>
  <testcase name="testFindById" time="0.013" classname="com.softserveinc.softtour.service.TestUserServiceImpl"/>
  <testcase name="testUpdate" time="0.090" classname="com.softserveinc.softtour.service.TestUserServiceImpl"/>
</testsuite> <!-- com.softserveinc.softtour.service.TestUserServiceImpl -->
